<?xml version="1.0" encoding="UTF-8"?><TestSessionContainer xmlns="http://www.codecover.org/xml/testsession-container" Date="1678957683097" TestSessionContainerId="b7223de8-0c5c-48b7-ba13-d78690ee57f3" version="1.0">
    <SrcFileList>
        <SrcFile Content="package esercizio1;&#13;&#10;&#13;&#10;import java.security.InvalidParameterException;&#13;&#10;&#13;&#10;public class Rettangolo {&#13;&#10;&#13;&#10;&#9;&#13;&#10;&#9;private int base;&#13;&#10;&#9;private int altezza;&#13;&#10;&#9;&#13;&#10;&#9;public Rettangolo(int b, int a){&#13;&#10;&#9;&#9;if(b &lt; 0) &#13;&#10;&#9;&#9;&#9;throw new InvalidParameterException(&quot;Base non puÃ² essere negativa&quot;);&#13;&#10;&#9;&#9;base=b;&#13;&#10;&#9;&#9;altezza=a;&#13;&#10;&#9;}&#13;&#10;&#9;&#13;&#10;&#9;public int getBase(){&#13;&#10;&#9;&#9;return base;&#13;&#10;&#9;}&#13;&#10;&#9;&#13;&#10;&#9;public int getAltezza(){&#13;&#10;&#9;&#9;return altezza;&#13;&#10;&#9;}&#13;&#10;}" Filename="Rettangolo.java" Intrnl_Id="1"/>
    </SrcFileList>
    <CritList>
        <CritListEntry Name="org.codecover.model.utils.criteria.LoopCoverage" PluginName="org.codecover"/>
        <CritListEntry Name="org.codecover.model.utils.criteria.QMOCoverage" PluginName="org.codecover"/>
        <CritListEntry Name="org.codecover.model.utils.criteria.ConditionCoverage" PluginName="org.codecover"/>
        <CritListEntry Name="org.codecover.model.utils.criteria.BranchCoverage" PluginName="org.codecover"/>
        <CritListEntry Name="org.codecover.model.utils.criteria.SynchronizedStatementCoverage" PluginName="org.codecover"/>
        <CritListEntry Name="org.codecover.model.utils.criteria.StatementCoverage" PluginName="org.codecover"/>
    </CritList>
    <BoolOpList/>
    <HierarchyLvlTypeList>
        <HierarchyLvlType EnglishName="package" IntrnlName="package" Intrnl_Id="2"/>
        <HierarchyLvlType EnglishName="method" IntrnlName="method" Intrnl_Id="3"/>
        <HierarchyLvlType EnglishName="class" IntrnlName="class" Intrnl_Id="4"/>
        <HierarchyLvlType EnglishName="default package" IntrnlName="default package" Intrnl_Id="5"/>
    </HierarchyLvlTypeList>
    <MASTRoot>
        <HierarchyLvl HierarchyLvlId="12" HierarchyLvlTypeId="5" Intrnl_Id="6" Name="default package">
            <Header/>
            <LocList/>
            <HierarchyLvl HierarchyLvlId="11" HierarchyLvlTypeId="2" Intrnl_Id="7" Name="esercizio1">
                <Header/>
                <LocList/>
                <HierarchyLvl HierarchyLvlId="10" HierarchyLvlTypeId="4" Intrnl_Id="8" Name="Rettangolo">
                    <Header>
                        <Loc EndOffset="97" SrcFileId="1" StartOffset="74"/>
                    </Header>
                    <LocList>
                        <Loc EndOffset="404" SrcFileId="1" StartOffset="74"/>
                    </LocList>
                    <HierarchyLvl HierarchyLvlId="7" HierarchyLvlTypeId="3" Intrnl_Id="9" Name="Rettangolo">
                        <Header>
                            <Loc EndOffset="184" SrcFileId="1" StartOffset="153"/>
                        </Header>
                        <LocList>
                            <Loc EndOffset="301" SrcFileId="1" StartOffset="153"/>
                        </LocList>
                        <StmntSeq Intrnl_Id="10">
                            <LocList>
                                <Loc EndOffset="272" SrcFileId="1" StartOffset="189"/>
                                <Loc EndOffset="283" SrcFileId="1" StartOffset="276"/>
                                <Loc EndOffset="297" SrcFileId="1" StartOffset="287"/>
                            </LocList>
                            <CondStmnt CovItemId="S1" CovItemPrefix="esercizio1.Rettangolo.java" Intrnl_Id="11">
                                <Branch CovItemId="B1" CovItemPrefix="esercizio1.Rettangolo.java" Implct="false" Intrnl_Id="12">
                                    <Cond/>
                                    <LocList>
                                        <Loc EndOffset="272" SrcFileId="1" StartOffset="204"/>
                                    </LocList>
                                    <StmntSeq Intrnl_Id="13">
                                        <LocList>
                                            <Loc EndOffset="272" SrcFileId="1" StartOffset="204"/>
                                        </LocList>
                                        <BasicStmnt CovItemId="S2" CovItemPrefix="esercizio1.Rettangolo.java" Intrnl_Id="14">
                                            <LocList>
                                                <Loc EndOffset="272" SrcFileId="1" StartOffset="204"/>
                                            </LocList>
                                        </BasicStmnt>
                                    </StmntSeq>
                                </Branch>
                                <Branch CovItemId="B2" CovItemPrefix="esercizio1.Rettangolo.java" Implct="true" Intrnl_Id="15">
                                    <Cond/>
                                    <LocList/>
                                    <StmntSeq Intrnl_Id="16">
                                        <LocList/>
                                    </StmntSeq>
                                </Branch>
                                <Keyword EndOffset="191" SrcFileId="1" StartOffset="189"/>
                                <LocList>
                                    <Loc EndOffset="272" SrcFileId="1" StartOffset="189"/>
                                </LocList>
                                <RootTerm CovItemId="C1" CovItemPrefix="esercizio1.Rettangolo.java" Intrnl_Id="17">
                                    <BasicBoolTerm Intrnl_Id="18">
                                        <LocList>
                                            <Loc EndOffset="197" SrcFileId="1" StartOffset="192"/>
                                        </LocList>
                                    </BasicBoolTerm>
                                </RootTerm>
                            </CondStmnt>
                            <BasicStmnt CovItemId="S3" CovItemPrefix="esercizio1.Rettangolo.java" Intrnl_Id="19">
                                <LocList>
                                    <Loc EndOffset="283" SrcFileId="1" StartOffset="276"/>
                                </LocList>
                            </BasicStmnt>
                            <BasicStmnt CovItemId="S4" CovItemPrefix="esercizio1.Rettangolo.java" Intrnl_Id="20">
                                <LocList>
                                    <Loc EndOffset="297" SrcFileId="1" StartOffset="287"/>
                                </LocList>
                            </BasicStmnt>
                        </StmntSeq>
                    </HierarchyLvl>
                    <HierarchyLvl HierarchyLvlId="8" HierarchyLvlTypeId="3" Intrnl_Id="21" Name="getBase">
                        <Header>
                            <Loc EndOffset="327" SrcFileId="1" StartOffset="307"/>
                        </Header>
                        <LocList>
                            <Loc EndOffset="348" SrcFileId="1" StartOffset="307"/>
                        </LocList>
                        <StmntSeq Intrnl_Id="22">
                            <LocList>
                                <Loc EndOffset="344" SrcFileId="1" StartOffset="332"/>
                            </LocList>
                            <BasicStmnt CovItemId="S5" CovItemPrefix="esercizio1.Rettangolo.java" Intrnl_Id="23">
                                <LocList>
                                    <Loc EndOffset="344" SrcFileId="1" StartOffset="332"/>
                                </LocList>
                            </BasicStmnt>
                        </StmntSeq>
                    </HierarchyLvl>
                    <HierarchyLvl HierarchyLvlId="9" HierarchyLvlTypeId="3" Intrnl_Id="24" Name="getAltezza">
                        <Header>
                            <Loc EndOffset="377" SrcFileId="1" StartOffset="354"/>
                        </Header>
                        <LocList>
                            <Loc EndOffset="401" SrcFileId="1" StartOffset="354"/>
                        </LocList>
                        <StmntSeq Intrnl_Id="25">
                            <LocList>
                                <Loc EndOffset="397" SrcFileId="1" StartOffset="382"/>
                            </LocList>
                            <BasicStmnt CovItemId="S6" CovItemPrefix="esercizio1.Rettangolo.java" Intrnl_Id="26">
                                <LocList>
                                    <Loc EndOffset="397" SrcFileId="1" StartOffset="382"/>
                                </LocList>
                            </BasicStmnt>
                        </StmntSeq>
                    </HierarchyLvl>
                </HierarchyLvl>
            </HierarchyLvl>
        </HierarchyLvl>
    </MASTRoot>
</TestSessionContainer>
